<?xml version="1.0" encoding="UTF-8"?>
<!-- Generated by org.testng.reporters.JUnitXMLReporter -->
<testsuite hostname="ajay-PC" name="Default test" tests="3" failures="0" timestamp="9 Feb 2017 05:15:15 GMT" time="15.673" errors="0">
  <testcase name="doLogin" time="15.478" classname="com.qtpselenium.core.hybrid.testcases.GmailLogin"/>
  <testcase name="doLogin" time="0.004" classname="com.qtpselenium.core.hybrid.testcases.GmailLogin">
    <skipped/>
  </testcase> <!-- doLogin -->
  <testcase name="doLogin" time="0.004" classname="com.qtpselenium.core.hybrid.testcases.GmailLogin">
    <skipped/>
  </testcase> <!-- doLogin -->
</testsuite> <!-- Default test -->
